<?xml version="1.0" encoding="UTF-8"?>
<!--
  ~ Copyright (c) Raymond Hon, 2011 - 2012. All rights reserved.
  -->
<beans xmlns="http://www.springframework.org/schema/beans"
       xmlns:context="http://www.springframework.org/schema/context"
       xmlns:xsi="http://www.w3.org/2001/XMLSchema-instance" xmlns:task="http://www.springframework.org/schema/task"
       xsi:schemaLocation="http://www.springframework.org/schema/beans
       http://www.springframework.org/schema/beans/spring-beans-3.0.xsd
       http://www.springframework.org/schema/context
       http://www.springframework.org/schema/context/spring-context-3.0.xsd http://www.springframework.org/schema/task http://www.springframework.org/schema/task/spring-task-3.0.xsd"
       default-lazy-init="false">

    <task:annotation-driven/>
    <context:annotation-config/>

    <bean id="placeholderProperties" class="org.springframework.beans.factory.config.PropertyPlaceholderConfigurer">
        <property name="locations">
            <list>
                <value>classpath:test.properties</value>
            </list>
        </property>
        <!--  systemPropertiesMode=override -->
        <property name="systemPropertiesMode" value="2"/>
        <property name="ignoreResourceNotFound" value="false"/>
    </bean>

    <bean id="taskExecutor"
          class="org.springframework.scheduling.concurrent.ThreadPoolTaskExecutor">
        <property name="corePoolSize" value="5" />
        <property name="maxPoolSize" value="10" />
        <property name="WaitForTasksToCompleteOnShutdown" value="true" />
    </bean>

    <bean id="httpTemplate"        class="com.cf.util.http.HttpTemplate"/>
    <bean id="dynamicHttpTemplate" class="com.cf.util.http.DynamicHttpTemplate"/>
    <bean id="proxyController"     class="com.cf.util.proxy.DefaultWebProxyController"/>
</beans>
